INFO 2020-03-24 16:02:05,535 - The User is Browsing
INFO 2020-03-24 16:02:05,536 - The User is Opening The First Image
INFO 2020-03-24 16:02:11,319 - The User is Browsing
INFO 2020-03-24 16:02:11,351 - The User is Opening The Second Image
INFO 2020-03-24 16:02:22,471 - The User is Choosing The Image
INFO 2020-03-24 16:02:22,471 - The User is Choosing Where To Show The Output
INFO 2020-03-24 16:02:22,471 - The User is Getting The Value Of The First Slider
INFO 2020-03-24 16:02:22,471 - The User is Getting The Value Of The Second Slider
INFO 2020-03-24 16:02:22,472 - The User is Choosing The Component
INFO 2020-03-24 16:02:22,472 - The User is Choosing The Component
INFO 2020-03-24 16:02:23,976 - The User is Choosing The Image
INFO 2020-03-24 16:02:23,976 - The User is Choosing Where To Show The Output
INFO 2020-03-24 16:02:23,976 - The User is Getting The Value Of The First Slider
INFO 2020-03-24 16:02:23,977 - The User is Getting The Value Of The Second Slider
INFO 2020-03-24 16:02:23,977 - The User is Choosing The Component
INFO 2020-03-24 16:02:23,977 - The User is Choosing The Component
INFO 2020-03-24 16:02:26,231 - The User is Choosing The Image
INFO 2020-03-24 16:02:26,231 - The User is Choosing Where To Show The Output
INFO 2020-03-24 16:02:26,231 - The User is Getting The Value Of The First Slider
INFO 2020-03-24 16:02:26,231 - The User is Getting The Value Of The Second Slider
INFO 2020-03-24 16:02:26,231 - The User is Choosing The Component
INFO 2020-03-24 16:02:26,231 - The User is Choosing The Component
INFO 2020-03-24 16:02:28,112 - The User is Choosing The Image
INFO 2020-03-24 16:02:28,113 - The User is Choosing Where To Show The Output
INFO 2020-03-24 16:02:28,113 - The User is Getting The Value Of The First Slider
INFO 2020-03-24 16:02:28,113 - The User is Getting The Value Of The Second Slider
INFO 2020-03-24 16:02:28,113 - The User is Choosing The Component
INFO 2020-03-24 16:02:28,114 - The User is Choosing The Component
INFO 2020-03-24 16:02:29,303 - The User is Choosing The Image
INFO 2020-03-24 16:02:29,304 - The User is Choosing Where To Show The Output
INFO 2020-03-24 16:02:29,304 - The User is Getting The Value Of The First Slider
INFO 2020-03-24 16:02:29,304 - The User is Getting The Value Of The Second Slider
INFO 2020-03-24 16:02:29,304 - The User is Choosing The Component
INFO 2020-03-24 16:02:29,304 - The User is Choosing The Component
INFO 2020-03-24 16:02:30,781 - The User is Choosing The Image
INFO 2020-03-24 16:02:30,781 - The User is Choosing Where To Show The Output
INFO 2020-03-24 16:02:30,781 - The User is Getting The Value Of The First Slider
INFO 2020-03-24 16:02:30,781 - The User is Getting The Value Of The Second Slider
INFO 2020-03-24 16:02:30,782 - The User is Choosing The Component
INFO 2020-03-24 16:02:30,782 - The User is Choosing The Component
INFO 2020-03-24 16:02:36,004 - The User is Choosing The Image
INFO 2020-03-24 16:02:36,005 - The User is Choosing Where To Show The Output
INFO 2020-03-24 16:02:36,005 - The User is Getting The Value Of The First Slider
INFO 2020-03-24 16:02:36,005 - The User is Getting The Value Of The Second Slider
INFO 2020-03-24 16:02:36,006 - The User is Choosing The Component
INFO 2020-03-24 16:02:36,006 - The User is Choosing The Component
INFO 2020-03-24 16:02:36,879 - The User is Choosing The Image
INFO 2020-03-24 16:02:36,879 - The User is Choosing Where To Show The Output
INFO 2020-03-24 16:02:36,880 - The User is Getting The Value Of The First Slider
INFO 2020-03-24 16:02:36,880 - The User is Getting The Value Of The Second Slider
INFO 2020-03-24 16:02:36,880 - The User is Choosing The Component
INFO 2020-03-24 16:02:36,880 - The User is Choosing The Component
INFO 2020-03-24 16:02:37,599 - The User is Choosing The Image
INFO 2020-03-24 16:02:37,600 - The User is Choosing Where To Show The Output
INFO 2020-03-24 16:02:37,600 - The User is Getting The Value Of The First Slider
INFO 2020-03-24 16:02:37,600 - The User is Getting The Value Of The Second Slider
INFO 2020-03-24 16:02:37,600 - The User is Choosing The Component
INFO 2020-03-24 16:02:37,600 - The User is Choosing The Component
INFO 2020-03-24 16:02:38,708 - The User is Choosing The Image
INFO 2020-03-24 16:02:38,709 - The User is Choosing Where To Show The Output
INFO 2020-03-24 16:02:38,709 - The User is Getting The Value Of The First Slider
INFO 2020-03-24 16:02:38,709 - The User is Getting The Value Of The Second Slider
INFO 2020-03-24 16:02:38,709 - The User is Choosing The Component
INFO 2020-03-24 16:02:38,710 - The User is Choosing The Component
INFO 2020-03-24 16:02:40,038 - The User is Choosing The Image
INFO 2020-03-24 16:02:40,038 - The User is Choosing Where To Show The Output
INFO 2020-03-24 16:02:40,039 - The User is Getting The Value Of The First Slider
INFO 2020-03-24 16:02:40,039 - The User is Getting The Value Of The Second Slider
INFO 2020-03-24 16:02:40,039 - The User is Choosing The Component
INFO 2020-03-24 16:02:40,039 - The User is Choosing The Component
